Using pre-set license
Built from '2022.3/staging' branch; Version is '2022.3.62f1 (4af31df58517) revision 4911901'; Using compiler version '192829333'; Build Type 'Release'
OS: 'Windows 11  (10.0.26200) 64bit Professional' Language: 'ja' Physical Memory: 16053 MB
BatchMode: 1, IsHumanControllingUs: 0, StartBugReporterOnCrash: 0, Is64bit: 1, IsPro: 1

COMMAND LINE ARGUMENTS:
C:\Program Files\Unity\Hub\Editor\2022.3.62f1\Editor\Unity.exe
-adb2
-batchMode
-noUpm
-name
AssetImportWorker2
-projectPath
C:/Users/user/onkan_test
-logFile
Logs/AssetImportWorker2.log
-srvPort
58060
Successfully changed project path to: C:/Users/user/onkan_test
C:/Users/user/onkan_test
[UnityMemory] Configuration Parameters - Can be set up in boot.config
    "memorysetup-bucket-allocator-granularity=16"
    "memorysetup-bucket-allocator-bucket-count=8"
    "memorysetup-bucket-allocator-block-size=33554432"
    "memorysetup-bucket-allocator-block-count=8"
    "memorysetup-main-allocator-block-size=16777216"
    "memorysetup-thread-allocator-block-size=16777216"
    "memorysetup-gfx-main-allocator-block-size=16777216"
    "memorysetup-gfx-thread-allocator-block-size=16777216"
    "memorysetup-cache-allocator-block-size=4194304"
    "memorysetup-typetree-allocator-block-size=2097152"
    "memorysetup-profiler-bucket-allocator-granularity=16"
    "memorysetup-profiler-bucket-allocator-bucket-count=8"
    "memorysetup-profiler-bucket-allocator-block-size=33554432"
    "memorysetup-profiler-bucket-allocator-block-count=8"
    "memorysetup-profiler-allocator-block-size=16777216"
    "memorysetup-profiler-editor-allocator-block-size=1048576"
    "memorysetup-temp-allocator-size-main=16777216"
    "memorysetup-job-temp-allocator-block-size=2097152"
    "memorysetup-job-temp-allocator-block-size-background=1048576"
    "memorysetup-job-temp-allocator-reduction-small-platforms=262144"
    "memorysetup-allocator-temp-initial-block-size-main=262144"
    "memorysetup-allocator-temp-initial-block-size-worker=262144"
    "memorysetup-temp-allocator-size-background-worker=32768"
    "memorysetup-temp-allocator-size-job-worker=262144"
    "memorysetup-temp-allocator-size-preload-manager=33554432"
    "memorysetup-temp-allocator-size-nav-mesh-worker=65536"
    "memorysetup-temp-allocator-size-audio-worker=65536"
    "memorysetup-temp-allocator-size-cloud-worker=32768"
    "memorysetup-temp-allocator-size-gi-baking-worker=262144"
    "memorysetup-temp-allocator-size-gfx=262144"
Player connection [9612]  Target information:

Player connection [9612]  * "[IP] 10.96.130.26 [Port] 0 [Flags] 2 [Guid] 3490119767 [EditorId] 3490119767 [Version] 1048832 [Id] WindowsEditor(7,lenovo) [Debug] 1 [PackageName] WindowsEditor [ProjectName] Editor" 

Player connection [9612] Host joined multi-casting on [225.0.0.222:54997]...
Player connection [9612] Host joined alternative multi-casting on [225.0.0.222:34997]...
Input System module state changed to: Initialized.
[PhysX] Initialized MultithreadedTaskDispatcher with 18 workers.
Refreshing native plugins compatible for Editor in 3966.35 ms, found 4 plugins.
Preloading 0 native plugins for Editor in 0.00 ms.
Initialize engine version: 2022.3.62f1 (4af31df58517)
[Subsystems] Discovering subsystems at path C:/Program Files/Unity/Hub/Editor/2022.3.62f1/Editor/Data/Resources/UnitySubsystems
[Subsystems] Discovering subsystems at path C:/Users/user/onkan_test/Assets
GfxDevice: creating device client; threaded=0; jobified=0
Direct3D:
    Version:  Direct3D 11.0 [level 11.1]
    Renderer: Intel(R) Arc(TM) Graphics (ID=0x7d55)
    Vendor:   Intel
    VRAM:     9150 MB
    Driver:   32.0.101.6790
Initialize mono
Mono path[0] = 'C:/Program Files/Unity/Hub/Editor/2022.3.62f1/Editor/Data/Managed'
Mono path[1] = 'C:/Program Files/Unity/Hub/Editor/2022.3.62f1/Editor/Data/MonoBleedingEdge/lib/mono/unityjit-win32'
Mono config path = 'C:/Program Files/Unity/Hub/Editor/2022.3.62f1/Editor/Data/MonoBleedingEdge/etc'
Using monoOptions --debugger-agent=transport=dt_socket,embedding=1,server=y,suspend=n,address=127.0.0.1:56196
Begin MonoManager ReloadAssembly
Registering precompiled unity dll's ...
Register platform support module: C:/Program Files/Unity/Hub/Editor/2022.3.62f1/Editor/Data/PlaybackEngines/WebGLSupport/UnityEditor.WebGL.Extensions.dll
Register platform support module: C:/Program Files/Unity/Hub/Editor/2022.3.62f1/Editor/Data/PlaybackEngines/AndroidPlayer/UnityEditor.Android.Extensions.dll
Register platform support module: C:/Program Files/Unity/Hub/Editor/2022.3.62f1/Editor/Data/PlaybackEngines/WindowsStandaloneSupport/UnityEditor.WindowsStandalone.Extensions.dll
Registered in 0.029145 seconds.
- Loaded All Assemblies, in 18.844 seconds
Native extension for WindowsStandalone target not found
Native extension for Android target not found
Android Extension - Scanning For ADB Devices 1203 ms
Native extension for WebGL target not found
Mono: successfully reloaded assembly
- Finished resetting the current domain, in  1.590 seconds
Domain Reload Profiling: 20383ms
	BeginReloadAssembly (13489ms)
		ExecutionOrderSort (0ms)
		DisableScriptedObjects (0ms)
		BackupInstance (0ms)
		ReleaseScriptingObjects (0ms)
		CreateAndSetChildDomain (1ms)
	RebuildCommonClasses (2061ms)
	RebuildNativeTypeToScriptingClass (8ms)
	initialDomainReloadingComplete (120ms)
	LoadAllAssembliesAndSetupDomain (3115ms)
		LoadAssemblies (13529ms)
		RebuildTransferFunctionScriptingTraits (0ms)
		AnalyzeDomain (3071ms)
			TypeCache.Refresh (3066ms)
				TypeCache.ScanAssembly (2471ms)
			ScanForSourceGeneratedMonoScriptInfo (2ms)
			ResolveRequiredComponents (1ms)
	FinalizeReload (1590ms)
		ReleaseScriptCaches (0ms)
		RebuildScriptCaches (0ms)
		SetupLoadedEditorAssemblies (1530ms)
			LogAssemblyErrors (0ms)
			InitializePlatformSupportModulesInManaged (1329ms)
			SetLoadedEditorAssemblies (6ms)
			RefreshPlugins (0ms)
			BeforeProcessingInitializeOnLoad (3ms)
			ProcessInitializeOnLoadAttributes (129ms)
			ProcessInitializeOnLoadMethodAttributes (63ms)
			AfterProcessingInitializeOnLoad (0ms)
			EditorAssembliesLoaded (0ms)
		ExecutionOrderSort2 (0ms)
		AwakeInstancesAfterBackupRestoration (0ms)
========================================================================
Worker process is ready to serve import requests
Caller must complete domain reload
Begin MonoManager ReloadAssembly
- Loaded All Assemblies, in  4.496 seconds
Native extension for WindowsStandalone target not found
Native extension for Android target not found
Native extension for WebGL target not found
Mono: successfully reloaded assembly
- Finished resetting the current domain, in  1.287 seconds
Domain Reload Profiling: 5778ms
	BeginReloadAssembly (179ms)
		ExecutionOrderSort (0ms)
		DisableScriptedObjects (6ms)
		BackupInstance (0ms)
		ReleaseScriptingObjects (0ms)
		CreateAndSetChildDomain (33ms)
	RebuildCommonClasses (30ms)
	RebuildNativeTypeToScriptingClass (7ms)
	initialDomainReloadingComplete (69ms)
	LoadAllAssembliesAndSetupDomain (4206ms)
		LoadAssemblies (3583ms)
		RebuildTransferFunctionScriptingTraits (0ms)
		AnalyzeDomain (711ms)
			TypeCache.Refresh (659ms)
				TypeCache.ScanAssembly (508ms)
			ScanForSourceGeneratedMonoScriptInfo (34ms)
			ResolveRequiredComponents (15ms)
	FinalizeReload (1287ms)
		ReleaseScriptCaches (0ms)
		RebuildScriptCaches (0ms)
		SetupLoadedEditorAssemblies (929ms)
			LogAssemblyErrors (0ms)
			InitializePlatformSupportModulesInManaged (35ms)
			SetLoadedEditorAssemblies (7ms)
			RefreshPlugins (0ms)
			BeforeProcessingInitializeOnLoad (186ms)
			ProcessInitializeOnLoadAttributes (585ms)
			ProcessInitializeOnLoadMethodAttributes (97ms)
			AfterProcessingInitializeOnLoad (18ms)
			EditorAssembliesLoaded (0ms)
		ExecutionOrderSort2 (0ms)
		AwakeInstancesAfterBackupRestoration (14ms)
Launched and connected shader compiler UnityShaderCompiler.exe after 0.13 seconds
Refreshing native plugins compatible for Editor in 16.80 ms, found 4 plugins.
Preloading 0 native plugins for Editor in 0.00 ms.
Unloading 3998 Unused Serialized files (Serialized files now loaded: 0)
Unloading 38 unused Assets / (241.9 KB). Loaded Objects now: 4464.
Memory consumption went from 149.7 MB to 149.5 MB.
Total: 17.572700 ms (FindLiveObjects: 0.604800 ms CreateObjectMapping: 0.400000 ms MarkObjects: 14.951900 ms  DeleteObjects: 1.613900 ms)

AssetImportParameters requested are different than current active one (requested -> active):
  custom:container-demuxer-ogg: 62fdf1f143b41e24485cea50d1cbac27 -> 
  custom:video-codec-MediaFoundation-h265: 746d11721c4dcdbdad8f713fa42b33f4 -> 
  custom:video-decoder-ogg-theora: a1e56fd34408186e4bbccfd4996cb3dc -> 
  custom:framework-win-MediaFoundation: 216162199b28c13a410421893ffa2e32 -> 
  custom:CustomObjectIndexerAttribute: 9a22284fe3817be447336de3de66b15e -> 
  custom:container-demuxer-webm: 4f35f7cbe854078d1ac9338744f61a02 -> 
  custom:container-muxer-webm: aa71ff27fc2769a1b78a27578f13a17b -> 
  custom:video-decoder-webm-vp8: 9c59270c3fd7afecdb556c50c9e8de78 -> 
  custom:SearchIndexIgnoredProperties: e643bd26f0fe6173181afceb89e7c659 -> 
  custom:AudioImporter_EditorPlatform: d09bf68614088b80899f8185d706f6e7 -> 
  custom:video-encoder-webm-vp8: eb34c28f22e8b96e1ab97ce403110664 -> 
  custom:audio-decoder-ogg-vorbis: bf7c407c2cedff20999df2af8eb42d56 -> 
  custom:audio-encoder-webm-vorbis: bf7c407c2cedff20999df2af8eb42d56 -> 
========================================================================
Received Prepare
Caller must complete domain reload
Begin MonoManager ReloadAssembly
- Loaded All Assemblies, in  2.671 seconds
Native extension for WindowsStandalone target not found
Native extension for Android target not found
Native extension for WebGL target not found
Mono: successfully reloaded assembly
- Finished resetting the current domain, in  1.343 seconds
Domain Reload Profiling: 4005ms
	BeginReloadAssembly (1927ms)
		ExecutionOrderSort (0ms)
		DisableScriptedObjects (1384ms)
		BackupInstance (0ms)
		ReleaseScriptingObjects (0ms)
		CreateAndSetChildDomain (74ms)
	RebuildCommonClasses (90ms)
	RebuildNativeTypeToScriptingClass (26ms)
	initialDomainReloadingComplete (70ms)
	LoadAllAssembliesAndSetupDomain (548ms)
		LoadAssemblies (860ms)
		RebuildTransferFunctionScriptingTraits (0ms)
		AnalyzeDomain (27ms)
			TypeCache.Refresh (12ms)
				TypeCache.ScanAssembly (0ms)
			ScanForSourceGeneratedMonoScriptInfo (0ms)
			ResolveRequiredComponents (12ms)
	FinalizeReload (1344ms)
		ReleaseScriptCaches (0ms)
		RebuildScriptCaches (0ms)
		SetupLoadedEditorAssemblies (837ms)
			LogAssemblyErrors (0ms)
			InitializePlatformSupportModulesInManaged (38ms)
			SetLoadedEditorAssemblies (11ms)
			RefreshPlugins (0ms)
			BeforeProcessingInitializeOnLoad (133ms)
			ProcessInitializeOnLoadAttributes (581ms)
			ProcessInitializeOnLoadMethodAttributes (58ms)
			AfterProcessingInitializeOnLoad (16ms)
			EditorAssembliesLoaded (0ms)
		ExecutionOrderSort2 (0ms)
		AwakeInstancesAfterBackupRestoration (30ms)
Refreshing native plugins compatible for Editor in 11.07 ms, found 4 plugins.
Preloading 0 native plugins for Editor in 0.00 ms.
Unloading 3980 Unused Serialized files (Serialized files now loaded: 0)
Unloading 25 unused Assets / (214.1 KB). Loaded Objects now: 4469.
Memory consumption went from 145.9 MB to 145.7 MB.
Total: 4.544900 ms (FindLiveObjects: 0.530200 ms CreateObjectMapping: 0.348100 ms MarkObjects: 3.313100 ms  DeleteObjects: 0.352300 ms)

Prepare: number of updated asset objects reloaded= 0
AssetImportParameters requested are different than current active one (requested -> active):
  custom:scripting/monoscript/fileName/GameSceneManager.cs: e272c72bbb425669dce3dadb62a3408f -> 650e6902ee3ea87b0f8b58360e93585c
  custom:container-demuxer-ogg: 62fdf1f143b41e24485cea50d1cbac27 -> 
  custom:video-codec-MediaFoundation-h265: 746d11721c4dcdbdad8f713fa42b33f4 -> 
  custom:scripting/monoscript/fileName/AudioManager.cs: ba444bf72fba67a1db6033862d594534 -> 3494d6fd71b11a153e2eaf60a7170fe5
  custom:video-decoder-ogg-theora: a1e56fd34408186e4bbccfd4996cb3dc -> 
  custom:framework-win-MediaFoundation: 216162199b28c13a410421893ffa2e32 -> 
  custom:scripting/monoscript/fileName/KeyboardButtonUI.cs: 83eddbf8e4e287615fdc739234e622ec -> 5349c0ce6e306cbd1acbdc87b574ef71
  custom:CustomObjectIndexerAttribute: 9a22284fe3817be447336de3de66b15e -> 
  custom:scripting/monoscript/fileName/ModeSelectSceneManager.cs: 918d07dda8298674b2a3b2920958699b -> c1dc890f1573bafcecbe96036b57822a
  custom:container-demuxer-webm: 4f35f7cbe854078d1ac9338744f61a02 -> 
  custom:container-muxer-webm: aa71ff27fc2769a1b78a27578f13a17b -> 
  custom:video-decoder-webm-vp8: 9c59270c3fd7afecdb556c50c9e8de78 -> 
  custom:SearchIndexIgnoredProperties: e643bd26f0fe6173181afceb89e7c659 -> 
  custom:AudioImporter_EditorPlatform: d09bf68614088b80899f8185d706f6e7 -> 
  custom:video-encoder-webm-vp8: eb34c28f22e8b96e1ab97ce403110664 -> 
  custom:audio-decoder-ogg-vorbis: bf7c407c2cedff20999df2af8eb42d56 -> 
  custom:audio-encoder-webm-vorbis: bf7c407c2cedff20999df2af8eb42d56 -> 
  custom:scripting/monoscript/fileName/SceneLoader.cs: dd33c0e435b3bd1e7dde40b0ccfa30e3 -> d49324ed5c6042541c95e014a0534996
========================================================================
Received Import Request.
  Time since last request: 35692.980392 seconds.
  path: Assets/PianoSources/44.mp3
  artifactKey: Guid(d4a183c14f4b7434eb94be1c462cd3ff) Importer(815301076,1909f56bfc062723c751e8b465ee728b)
Start importing Assets/PianoSources/44.mp3 using Guid(d4a183c14f4b7434eb94be1c462cd3ff) Importer(815301076,1909f56bfc062723c751e8b465ee728b) [PhysX] Initialized MultithreadedTaskDispatcher with 18 workers.
[PhysX] Initialized MultithreadedTaskDispatcher with 18 workers.
 -> (artifact id: '6b65ce55469da16f5aa2177989beea73') in 0.293436 seconds
Number of updated asset objects reloaded before import = 0
Number of asset objects unloaded after import = 2
========================================================================
Received Import Request.
  Time since last request: 0.000045 seconds.
  path: Assets/PianoSources/49.mp3
  artifactKey: Guid(0624fb6af1ce8b44eafb8f0fd8105499) Importer(815301076,1909f56bfc062723c751e8b465ee728b)
Start importing Assets/PianoSources/49.mp3 using Guid(0624fb6af1ce8b44eafb8f0fd8105499) Importer(815301076,1909f56bfc062723c751e8b465ee728b) [PhysX] Initialized MultithreadedTaskDispatcher with 18 workers.
[PhysX] Initialized MultithreadedTaskDispatcher with 18 workers.
 -> (artifact id: '8a0711d902bd7d448681222fe7018aba') in 0.068876 seconds
Number of updated asset objects reloaded before import = 0
Number of asset objects unloaded after import = 2
========================================================================
Received Import Request.
  Time since last request: 0.000030 seconds.
  path: Assets/PianoSources/88.mp3
  artifactKey: Guid(989193839d57b3845b1dba69df495e5c) Importer(815301076,1909f56bfc062723c751e8b465ee728b)
Start importing Assets/PianoSources/88.mp3 using Guid(989193839d57b3845b1dba69df495e5c) Importer(815301076,1909f56bfc062723c751e8b465ee728b) [PhysX] Initialized MultithreadedTaskDispatcher with 18 workers.
[PhysX] Initialized MultithreadedTaskDispatcher with 18 workers.
 -> (artifact id: 'b897037f105b284798e45c752f2aed00') in 0.039797 seconds
Number of updated asset objects reloaded before import = 0
Number of asset objects unloaded after import = 2
========================================================================
Received Import Request.
  Time since last request: 0.012228 seconds.
  path: Assets/PianoSources/46.mp3
  artifactKey: Guid(bd0c91bdc72a98d4aaae1f038e59b807) Importer(815301076,1909f56bfc062723c751e8b465ee728b)
Start importing Assets/PianoSources/46.mp3 using Guid(bd0c91bdc72a98d4aaae1f038e59b807) Importer(815301076,1909f56bfc062723c751e8b465ee728b) [PhysX] Initialized MultithreadedTaskDispatcher with 18 workers.
[PhysX] Initialized MultithreadedTaskDispatcher with 18 workers.
 -> (artifact id: 'c943ef08914e8bcfa587d198a9d6a4b0') in 0.036251 seconds
Number of updated asset objects reloaded before import = 0
Number of asset objects unloaded after import = 2
========================================================================
Received Import Request.
  Time since last request: 0.000031 seconds.
  path: Assets/PianoSources/30.mp3
  artifactKey: Guid(68f662e31f910a94296fdc13489f70f0) Importer(815301076,1909f56bfc062723c751e8b465ee728b)
Start importing Assets/PianoSources/30.mp3 using Guid(68f662e31f910a94296fdc13489f70f0) Importer(815301076,1909f56bfc062723c751e8b465ee728b) [PhysX] Initialized MultithreadedTaskDispatcher with 18 workers.
[PhysX] Initialized MultithreadedTaskDispatcher with 18 workers.
 -> (artifact id: 'e19cfe04bf70d265dc3e0a1fac21d8a1') in 0.056268 seconds
Number of updated asset objects reloaded before import = 0
Number of asset objects unloaded after import = 2
========================================================================
Received Import Request.
  Time since last request: 0.000033 seconds.
  path: Assets/PianoSources/13.mp3
  artifactKey: Guid(c3fc35d0e651467439dfab1b1f6b992a) Importer(815301076,1909f56bfc062723c751e8b465ee728b)
Start importing Assets/PianoSources/13.mp3 using Guid(c3fc35d0e651467439dfab1b1f6b992a) Importer(815301076,1909f56bfc062723c751e8b465ee728b) [PhysX] Initialized MultithreadedTaskDispatcher with 18 workers.
[PhysX] Initialized MultithreadedTaskDispatcher with 18 workers.
 -> (artifact id: 'fbe1570a9ab2a8f7a655ee90a8ed277b') in 0.095143 seconds
Number of updated asset objects reloaded before import = 0
Number of asset objects unloaded after import = 2
========================================================================
Received Import Request.
  Time since last request: 0.000676 seconds.
  path: Assets/PianoSources/48.mp3
  artifactKey: Guid(4eab607fe30c65d479e90d24e9533c87) Importer(815301076,1909f56bfc062723c751e8b465ee728b)
Start importing Assets/PianoSources/48.mp3 using Guid(4eab607fe30c65d479e90d24e9533c87) Importer(815301076,1909f56bfc062723c751e8b465ee728b) [PhysX] Initialized MultithreadedTaskDispatcher with 18 workers.
[PhysX] Initialized MultithreadedTaskDispatcher with 18 workers.
 -> (artifact id: 'a8e036d5610c80b121ca7fa00dcdba5e') in 0.123738 seconds
Number of updated asset objects reloaded before import = 0
Number of asset objects unloaded after import = 2
========================================================================
Received Import Request.
  Time since last request: 0.000029 seconds.
  path: Assets/PianoSources/12.mp3
  artifactKey: Guid(4878fe44fd4886a43bee5571f620770f) Importer(815301076,1909f56bfc062723c751e8b465ee728b)
Start importing Assets/PianoSources/12.mp3 using Guid(4878fe44fd4886a43bee5571f620770f) Importer(815301076,1909f56bfc062723c751e8b465ee728b) [PhysX] Initialized MultithreadedTaskDispatcher with 18 workers.
[PhysX] Initialized MultithreadedTaskDispatcher with 18 workers.
 -> (artifact id: '2be31bea7ad08da9937fbb43c4934918') in 0.223620 seconds
Number of updated asset objects reloaded before import = 0
Number of asset objects unloaded after import = 2
========================================================================
Received Import Request.
  Time since last request: 0.533555 seconds.
  path: Assets/PianoSources/01.mp3
  artifactKey: Guid(a7fde15812e0d53449b87588e654d000) Importer(815301076,1909f56bfc062723c751e8b465ee728b)
Start importing Assets/PianoSources/01.mp3 using Guid(a7fde15812e0d53449b87588e654d000) Importer(815301076,1909f56bfc062723c751e8b465ee728b) [PhysX] Initialized MultithreadedTaskDispatcher with 18 workers.
[PhysX] Initialized MultithreadedTaskDispatcher with 18 workers.
 -> (artifact id: '31d2c874ecbaac3116b6e75190751577') in 0.408336 seconds
Number of updated asset objects reloaded before import = 0
Number of asset objects unloaded after import = 2
========================================================================
Received Import Request.
  Time since last request: 0.017294 seconds.
  path: Assets/PianoSources/67.mp3
  artifactKey: Guid(d8325dd1a71dc904d83d11ed2f70c374) Importer(815301076,1909f56bfc062723c751e8b465ee728b)
Start importing Assets/PianoSources/67.mp3 using Guid(d8325dd1a71dc904d83d11ed2f70c374) Importer(815301076,1909f56bfc062723c751e8b465ee728b) [PhysX] Initialized MultithreadedTaskDispatcher with 18 workers.
[PhysX] Initialized MultithreadedTaskDispatcher with 18 workers.
 -> (artifact id: 'f5a91aa0b1adda709e7cf48ceb32c834') in 0.509238 seconds
Number of updated asset objects reloaded before import = 0
Number of asset objects unloaded after import = 2
========================================================================
Received Import Request.
  Time since last request: 0.014493 seconds.
  path: Assets/PianoSources/56.mp3
  artifactKey: Guid(f20443e37c4014f4d9b2eaabbc51870b) Importer(815301076,1909f56bfc062723c751e8b465ee728b)
Start importing Assets/PianoSources/56.mp3 using Guid(f20443e37c4014f4d9b2eaabbc51870b) Importer(815301076,1909f56bfc062723c751e8b465ee728b) [PhysX] Initialized MultithreadedTaskDispatcher with 18 workers.
[PhysX] Initialized MultithreadedTaskDispatcher with 18 workers.
 -> (artifact id: '3eb4f4e2bc322389027b1a43bc7a7f66') in 0.410247 seconds
Number of updated asset objects reloaded before import = 0
Number of asset objects unloaded after import = 2
========================================================================
Received Import Request.
  Time since last request: 0.007403 seconds.
  path: Assets/PianoSources/23.mp3
  artifactKey: Guid(32c6182b7704d1e40b54ccc0b50f7d06) Importer(815301076,1909f56bfc062723c751e8b465ee728b)
Start importing Assets/PianoSources/23.mp3 using Guid(32c6182b7704d1e40b54ccc0b50f7d06) Importer(815301076,1909f56bfc062723c751e8b465ee728b) [PhysX] Initialized MultithreadedTaskDispatcher with 18 workers.
[PhysX] Initialized MultithreadedTaskDispatcher with 18 workers.
 -> (artifact id: '13b0074d5973101b6928488c5ab5d8aa') in 0.054179 seconds
Number of updated asset objects reloaded before import = 0
Number of asset objects unloaded after import = 2
========================================================================
Received Import Request.
  Time since last request: 0.000486 seconds.
  path: Assets/PianoSources/69.mp3
  artifactKey: Guid(5fcc78d478e028f4eb61ed4d5205fe42) Importer(815301076,1909f56bfc062723c751e8b465ee728b)
Start importing Assets/PianoSources/69.mp3 using Guid(5fcc78d478e028f4eb61ed4d5205fe42) Importer(815301076,1909f56bfc062723c751e8b465ee728b) [PhysX] Initialized MultithreadedTaskDispatcher with 18 workers.
[PhysX] Initialized MultithreadedTaskDispatcher with 18 workers.
 -> (artifact id: '571ed25ae1a00790be190b69ec133c30') in 0.036267 seconds
Number of updated asset objects reloaded before import = 0
Number of asset objects unloaded after import = 2
========================================================================
Received Import Request.
  Time since last request: 0.000032 seconds.
  path: Assets/PianoSources/04.mp3
  artifactKey: Guid(9b18fb9490696a44582b0060f34de618) Importer(815301076,1909f56bfc062723c751e8b465ee728b)
Start importing Assets/PianoSources/04.mp3 using Guid(9b18fb9490696a44582b0060f34de618) Importer(815301076,1909f56bfc062723c751e8b465ee728b) [PhysX] Initialized MultithreadedTaskDispatcher with 18 workers.
[PhysX] Initialized MultithreadedTaskDispatcher with 18 workers.
 -> (artifact id: 'b7d8c130e7b86ea621783e256ad16699') in 0.039708 seconds
Number of updated asset objects reloaded before import = 0
Number of asset objects unloaded after import = 2
========================================================================
Received Import Request.
  Time since last request: 0.000032 seconds.
  path: Assets/PianoSources/73.mp3
  artifactKey: Guid(9596bcf0bf6c78a48a0203dc68a2f356) Importer(815301076,1909f56bfc062723c751e8b465ee728b)
Start importing Assets/PianoSources/73.mp3 using Guid(9596bcf0bf6c78a48a0203dc68a2f356) Importer(815301076,1909f56bfc062723c751e8b465ee728b) [PhysX] Initialized MultithreadedTaskDispatcher with 18 workers.
[PhysX] Initialized MultithreadedTaskDispatcher with 18 workers.
 -> (artifact id: '587519ab75b659eff3fdcf3386130b44') in 0.033385 seconds
Number of updated asset objects reloaded before import = 0
Number of asset objects unloaded after import = 2
========================================================================
Received Import Request.
  Time since last request: 0.000031 seconds.
  path: Assets/PianoSources/21.mp3
  artifactKey: Guid(6fd791f403fbe664d8572dd00dcc4522) Importer(815301076,1909f56bfc062723c751e8b465ee728b)
Start importing Assets/PianoSources/21.mp3 using Guid(6fd791f403fbe664d8572dd00dcc4522) Importer(815301076,1909f56bfc062723c751e8b465ee728b) [PhysX] Initialized MultithreadedTaskDispatcher with 18 workers.
[PhysX] Initialized MultithreadedTaskDispatcher with 18 workers.
 -> (artifact id: '9b970a81d14bdfdb8c4fc95fc74c1bf5') in 0.029862 seconds
Number of updated asset objects reloaded before import = 0
Number of asset objects unloaded after import = 2
========================================================================
Received Import Request.
  Time since last request: 0.000030 seconds.
  path: Assets/PianoSources/83.mp3
  artifactKey: Guid(ee60734a8eb2cfb4894f0b4381f365c2) Importer(815301076,1909f56bfc062723c751e8b465ee728b)
Start importing Assets/PianoSources/83.mp3 using Guid(ee60734a8eb2cfb4894f0b4381f365c2) Importer(815301076,1909f56bfc062723c751e8b465ee728b) [PhysX] Initialized MultithreadedTaskDispatcher with 18 workers.
[PhysX] Initialized MultithreadedTaskDispatcher with 18 workers.
 -> (artifact id: 'a0611c7b02b6f13a4ea4ad9ede1d97c5') in 0.029613 seconds
Number of updated asset objects reloaded before import = 0
Number of asset objects unloaded after import = 2
========================================================================
Received Import Request.
  Time since last request: 0.000032 seconds.
  path: Assets/PianoSources/64.mp3
  artifactKey: Guid(fd8ad0e81f843734d9bff96a267dd062) Importer(815301076,1909f56bfc062723c751e8b465ee728b)
Start importing Assets/PianoSources/64.mp3 using Guid(fd8ad0e81f843734d9bff96a267dd062) Importer(815301076,1909f56bfc062723c751e8b465ee728b) [PhysX] Initialized MultithreadedTaskDispatcher with 18 workers.
[PhysX] Initialized MultithreadedTaskDispatcher with 18 workers.
 -> (artifact id: '7966cce1768617d4dad239227735751a') in 0.043688 seconds
Number of updated asset objects reloaded before import = 0
Number of asset objects unloaded after import = 2
========================================================================
Received Import Request.
  Time since last request: 0.000046 seconds.
  path: Assets/PianoSources/15.mp3
  artifactKey: Guid(c8026d6b5df649b4bb330cb56d955d38) Importer(815301076,1909f56bfc062723c751e8b465ee728b)
Start importing Assets/PianoSources/15.mp3 using Guid(c8026d6b5df649b4bb330cb56d955d38) Importer(815301076,1909f56bfc062723c751e8b465ee728b) [PhysX] Initialized MultithreadedTaskDispatcher with 18 workers.
[PhysX] Initialized MultithreadedTaskDispatcher with 18 workers.
 -> (artifact id: 'e02852f008bcb0d33b844879f85d72b5') in 0.033898 seconds
Number of updated asset objects reloaded before import = 0
Number of asset objects unloaded after import = 2
========================================================================
Received Import Request.
  Time since last request: 0.002235 seconds.
  path: Assets/PianoSources/24.mp3
  artifactKey: Guid(e8717ec7f79b45149b83666a7bb9c791) Importer(815301076,1909f56bfc062723c751e8b465ee728b)
Start importing Assets/PianoSources/24.mp3 using Guid(e8717ec7f79b45149b83666a7bb9c791) Importer(815301076,1909f56bfc062723c751e8b465ee728b) [PhysX] Initialized MultithreadedTaskDispatcher with 18 workers.
[PhysX] Initialized MultithreadedTaskDispatcher with 18 workers.
 -> (artifact id: '34224c122e757e2affceb7f79e32b592') in 0.068038 seconds
Number of updated asset objects reloaded before import = 0
Number of asset objects unloaded after import = 2
========================================================================
Received Import Request.
  Time since last request: 0.000033 seconds.
  path: Assets/PianoSources/16.mp3
  artifactKey: Guid(88929b06e8eb56848830804dff944b35) Importer(815301076,1909f56bfc062723c751e8b465ee728b)
Start importing Assets/PianoSources/16.mp3 using Guid(88929b06e8eb56848830804dff944b35) Importer(815301076,1909f56bfc062723c751e8b465ee728b) [PhysX] Initialized MultithreadedTaskDispatcher with 18 workers.
[PhysX] Initialized MultithreadedTaskDispatcher with 18 workers.
 -> (artifact id: '6c99c79e594b756ed4565c50b72eeae0') in 0.044316 seconds
Number of updated asset objects reloaded before import = 0
Number of asset objects unloaded after import = 2
========================================================================
Received Import Request.
  Time since last request: 0.000305 seconds.
  path: Assets/PianoSources/43.mp3
  artifactKey: Guid(9cfceee63b78ec8459c1877339dc2fe9) Importer(815301076,1909f56bfc062723c751e8b465ee728b)
Start importing Assets/PianoSources/43.mp3 using Guid(9cfceee63b78ec8459c1877339dc2fe9) Importer(815301076,1909f56bfc062723c751e8b465ee728b) [PhysX] Initialized MultithreadedTaskDispatcher with 18 workers.
[PhysX] Initialized MultithreadedTaskDispatcher with 18 workers.
 -> (artifact id: '803698a7593970fc98c53c70a6980746') in 0.039412 seconds
Number of updated asset objects reloaded before import = 0
Number of asset objects unloaded after import = 2
Editor requested this worker to shutdown with reason: Scaling down because of idle timeout
TcpMessagingSession - receive error
AssetImportWorkerClient::OnTransportError - code=2 error=End of file
AssetImportWorker is now disconnected from the server
Process exiting
Exiting without the bug reporter. Application will terminate with return code 0