Using pre-set license
Built from '2022.3/staging' branch; Version is '2022.3.62f1 (4af31df58517) revision 4911901'; Using compiler version '192829333'; Build Type 'Release'
OS: 'Windows 11  (10.0.26200) 64bit Professional' Language: 'ja' Physical Memory: 16053 MB
BatchMode: 1, IsHumanControllingUs: 0, StartBugReporterOnCrash: 0, Is64bit: 1, IsPro: 1

COMMAND LINE ARGUMENTS:
C:\Program Files\Unity\Hub\Editor\2022.3.62f1\Editor\Unity.exe
-adb2
-batchMode
-noUpm
-name
AssetImportWorker3
-projectPath
C:/Users/user/onkan_test
-logFile
Logs/AssetImportWorker3.log
-srvPort
58060
Successfully changed project path to: C:/Users/user/onkan_test
C:/Users/user/onkan_test
[UnityMemory] Configuration Parameters - Can be set up in boot.config
    "memorysetup-bucket-allocator-granularity=16"
    "memorysetup-bucket-allocator-bucket-count=8"
    "memorysetup-bucket-allocator-block-size=33554432"
    "memorysetup-bucket-allocator-block-count=8"
    "memorysetup-main-allocator-block-size=16777216"
    "memorysetup-thread-allocator-block-size=16777216"
    "memorysetup-gfx-main-allocator-block-size=16777216"
    "memorysetup-gfx-thread-allocator-block-size=16777216"
    "memorysetup-cache-allocator-block-size=4194304"
    "memorysetup-typetree-allocator-block-size=2097152"
    "memorysetup-profiler-bucket-allocator-granularity=16"
    "memorysetup-profiler-bucket-allocator-bucket-count=8"
    "memorysetup-profiler-bucket-allocator-block-size=33554432"
    "memorysetup-profiler-bucket-allocator-block-count=8"
    "memorysetup-profiler-allocator-block-size=16777216"
    "memorysetup-profiler-editor-allocator-block-size=1048576"
    "memorysetup-temp-allocator-size-main=16777216"
    "memorysetup-job-temp-allocator-block-size=2097152"
    "memorysetup-job-temp-allocator-block-size-background=1048576"
    "memorysetup-job-temp-allocator-reduction-small-platforms=262144"
    "memorysetup-allocator-temp-initial-block-size-main=262144"
    "memorysetup-allocator-temp-initial-block-size-worker=262144"
    "memorysetup-temp-allocator-size-background-worker=32768"
    "memorysetup-temp-allocator-size-job-worker=262144"
    "memorysetup-temp-allocator-size-preload-manager=33554432"
    "memorysetup-temp-allocator-size-nav-mesh-worker=65536"
    "memorysetup-temp-allocator-size-audio-worker=65536"
    "memorysetup-temp-allocator-size-cloud-worker=32768"
    "memorysetup-temp-allocator-size-gi-baking-worker=262144"
    "memorysetup-temp-allocator-size-gfx=262144"
Player connection [23960]  Target information:

Player connection [23960]  * "[IP] 10.96.130.26 [Port] 0 [Flags] 2 [Guid] 3601765610 [EditorId] 3601765610 [Version] 1048832 [Id] WindowsEditor(7,lenovo) [Debug] 1 [PackageName] WindowsEditor [ProjectName] Editor" 

Player connection [23960] Host joined multi-casting on [225.0.0.222:54997]...
Player connection [23960] Host joined alternative multi-casting on [225.0.0.222:34997]...
Input System module state changed to: Initialized.
[PhysX] Initialized MultithreadedTaskDispatcher with 18 workers.
Refreshing native plugins compatible for Editor in 3993.29 ms, found 4 plugins.
Preloading 0 native plugins for Editor in 0.00 ms.
Initialize engine version: 2022.3.62f1 (4af31df58517)
[Subsystems] Discovering subsystems at path C:/Program Files/Unity/Hub/Editor/2022.3.62f1/Editor/Data/Resources/UnitySubsystems
[Subsystems] Discovering subsystems at path C:/Users/user/onkan_test/Assets
GfxDevice: creating device client; threaded=0; jobified=0
Direct3D:
    Version:  Direct3D 11.0 [level 11.1]
    Renderer: Intel(R) Arc(TM) Graphics (ID=0x7d55)
    Vendor:   Intel
    VRAM:     9150 MB
    Driver:   32.0.101.6790
Initialize mono
Mono path[0] = 'C:/Program Files/Unity/Hub/Editor/2022.3.62f1/Editor/Data/Managed'
Mono path[1] = 'C:/Program Files/Unity/Hub/Editor/2022.3.62f1/Editor/Data/MonoBleedingEdge/lib/mono/unityjit-win32'
Mono config path = 'C:/Program Files/Unity/Hub/Editor/2022.3.62f1/Editor/Data/MonoBleedingEdge/etc'
Using monoOptions --debugger-agent=transport=dt_socket,embedding=1,server=y,suspend=n,address=127.0.0.1:56800
Begin MonoManager ReloadAssembly
Registering precompiled unity dll's ...
Register platform support module: C:/Program Files/Unity/Hub/Editor/2022.3.62f1/Editor/Data/PlaybackEngines/WebGLSupport/UnityEditor.WebGL.Extensions.dll
Register platform support module: C:/Program Files/Unity/Hub/Editor/2022.3.62f1/Editor/Data/PlaybackEngines/AndroidPlayer/UnityEditor.Android.Extensions.dll
Register platform support module: C:/Program Files/Unity/Hub/Editor/2022.3.62f1/Editor/Data/PlaybackEngines/WindowsStandaloneSupport/UnityEditor.WindowsStandalone.Extensions.dll
Registered in 0.006970 seconds.
- Loaded All Assemblies, in 18.840 seconds
Native extension for WindowsStandalone target not found
Native extension for Android target not found
Android Extension - Scanning For ADB Devices 1200 ms
Native extension for WebGL target not found
Mono: successfully reloaded assembly
- Finished resetting the current domain, in  1.592 seconds
Domain Reload Profiling: 20391ms
	BeginReloadAssembly (13487ms)
		ExecutionOrderSort (0ms)
		DisableScriptedObjects (0ms)
		BackupInstance (0ms)
		ReleaseScriptingObjects (0ms)
		CreateAndSetChildDomain (1ms)
	RebuildCommonClasses (2119ms)
	RebuildNativeTypeToScriptingClass (12ms)
	initialDomainReloadingComplete (70ms)
	LoadAllAssembliesAndSetupDomain (3111ms)
		LoadAssemblies (13526ms)
		RebuildTransferFunctionScriptingTraits (0ms)
		AnalyzeDomain (3067ms)
			TypeCache.Refresh (3065ms)
				TypeCache.ScanAssembly (2487ms)
			ScanForSourceGeneratedMonoScriptInfo (1ms)
			ResolveRequiredComponents (1ms)
	FinalizeReload (1592ms)
		ReleaseScriptCaches (0ms)
		RebuildScriptCaches (0ms)
		SetupLoadedEditorAssemblies (1532ms)
			LogAssemblyErrors (0ms)
			InitializePlatformSupportModulesInManaged (1317ms)
			SetLoadedEditorAssemblies (5ms)
			RefreshPlugins (0ms)
			BeforeProcessingInitializeOnLoad (3ms)
			ProcessInitializeOnLoadAttributes (134ms)
			ProcessInitializeOnLoadMethodAttributes (74ms)
			AfterProcessingInitializeOnLoad (0ms)
			EditorAssembliesLoaded (0ms)
		ExecutionOrderSort2 (0ms)
		AwakeInstancesAfterBackupRestoration (0ms)
========================================================================
Worker process is ready to serve import requests
Caller must complete domain reload
Begin MonoManager ReloadAssembly
- Loaded All Assemblies, in  4.499 seconds
Native extension for WindowsStandalone target not found
Native extension for Android target not found
Native extension for WebGL target not found
Mono: successfully reloaded assembly
- Finished resetting the current domain, in  1.274 seconds
Domain Reload Profiling: 5767ms
	BeginReloadAssembly (180ms)
		ExecutionOrderSort (0ms)
		DisableScriptedObjects (7ms)
		BackupInstance (0ms)
		ReleaseScriptingObjects (0ms)
		CreateAndSetChildDomain (33ms)
	RebuildCommonClasses (42ms)
	RebuildNativeTypeToScriptingClass (9ms)
	initialDomainReloadingComplete (80ms)
	LoadAllAssembliesAndSetupDomain (4181ms)
		LoadAssemblies (3565ms)
		RebuildTransferFunctionScriptingTraits (0ms)
		AnalyzeDomain (712ms)
			TypeCache.Refresh (660ms)
				TypeCache.ScanAssembly (503ms)
			ScanForSourceGeneratedMonoScriptInfo (36ms)
			ResolveRequiredComponents (12ms)
	FinalizeReload (1274ms)
		ReleaseScriptCaches (0ms)
		RebuildScriptCaches (0ms)
		SetupLoadedEditorAssemblies (885ms)
			LogAssemblyErrors (0ms)
			InitializePlatformSupportModulesInManaged (32ms)
			SetLoadedEditorAssemblies (9ms)
			RefreshPlugins (0ms)
			BeforeProcessingInitializeOnLoad (189ms)
			ProcessInitializeOnLoadAttributes (543ms)
			ProcessInitializeOnLoadMethodAttributes (94ms)
			AfterProcessingInitializeOnLoad (17ms)
			EditorAssembliesLoaded (0ms)
		ExecutionOrderSort2 (0ms)
		AwakeInstancesAfterBackupRestoration (24ms)
Launched and connected shader compiler UnityShaderCompiler.exe after 0.15 seconds
Refreshing native plugins compatible for Editor in 21.42 ms, found 4 plugins.
Preloading 0 native plugins for Editor in 0.00 ms.
Unloading 3998 Unused Serialized files (Serialized files now loaded: 0)
Unloading 38 unused Assets / (242.2 KB). Loaded Objects now: 4464.
Memory consumption went from 149.8 MB to 149.6 MB.
Total: 16.193200 ms (FindLiveObjects: 0.277800 ms CreateObjectMapping: 0.073200 ms MarkObjects: 15.618800 ms  DeleteObjects: 0.221300 ms)

AssetImportParameters requested are different than current active one (requested -> active):
  custom:container-demuxer-ogg: 62fdf1f143b41e24485cea50d1cbac27 -> 
  custom:video-codec-MediaFoundation-h265: 746d11721c4dcdbdad8f713fa42b33f4 -> 
  custom:video-decoder-ogg-theora: a1e56fd34408186e4bbccfd4996cb3dc -> 
  custom:framework-win-MediaFoundation: 216162199b28c13a410421893ffa2e32 -> 
  custom:CustomObjectIndexerAttribute: 9a22284fe3817be447336de3de66b15e -> 
  custom:container-demuxer-webm: 4f35f7cbe854078d1ac9338744f61a02 -> 
  custom:container-muxer-webm: aa71ff27fc2769a1b78a27578f13a17b -> 
  custom:video-decoder-webm-vp8: 9c59270c3fd7afecdb556c50c9e8de78 -> 
  custom:SearchIndexIgnoredProperties: e643bd26f0fe6173181afceb89e7c659 -> 
  custom:AudioImporter_EditorPlatform: d09bf68614088b80899f8185d706f6e7 -> 
  custom:video-encoder-webm-vp8: eb34c28f22e8b96e1ab97ce403110664 -> 
  custom:audio-decoder-ogg-vorbis: bf7c407c2cedff20999df2af8eb42d56 -> 
  custom:audio-encoder-webm-vorbis: bf7c407c2cedff20999df2af8eb42d56 -> 
========================================================================
Received Prepare
Caller must complete domain reload
Begin MonoManager ReloadAssembly
- Loaded All Assemblies, in  2.665 seconds
Native extension for WindowsStandalone target not found
Native extension for Android target not found
Native extension for WebGL target not found
Mono: successfully reloaded assembly
- Finished resetting the current domain, in  1.357 seconds
Domain Reload Profiling: 4016ms
	BeginReloadAssembly (1869ms)
		ExecutionOrderSort (0ms)
		DisableScriptedObjects (1351ms)
		BackupInstance (0ms)
		ReleaseScriptingObjects (1ms)
		CreateAndSetChildDomain (64ms)
	RebuildCommonClasses (123ms)
	RebuildNativeTypeToScriptingClass (24ms)
	initialDomainReloadingComplete (67ms)
	LoadAllAssembliesAndSetupDomain (574ms)
		LoadAssemblies (894ms)
		RebuildTransferFunctionScriptingTraits (0ms)
		AnalyzeDomain (28ms)
			TypeCache.Refresh (13ms)
				TypeCache.ScanAssembly (0ms)
			ScanForSourceGeneratedMonoScriptInfo (0ms)
			ResolveRequiredComponents (12ms)
	FinalizeReload (1359ms)
		ReleaseScriptCaches (0ms)
		RebuildScriptCaches (0ms)
		SetupLoadedEditorAssemblies (862ms)
			LogAssemblyErrors (0ms)
			InitializePlatformSupportModulesInManaged (33ms)
			SetLoadedEditorAssemblies (8ms)
			RefreshPlugins (0ms)
			BeforeProcessingInitializeOnLoad (141ms)
			ProcessInitializeOnLoadAttributes (592ms)
			ProcessInitializeOnLoadMethodAttributes (69ms)
			AfterProcessingInitializeOnLoad (19ms)
			EditorAssembliesLoaded (0ms)
		ExecutionOrderSort2 (0ms)
		AwakeInstancesAfterBackupRestoration (25ms)
Refreshing native plugins compatible for Editor in 13.73 ms, found 4 plugins.
Preloading 0 native plugins for Editor in 0.00 ms.
Unloading 3980 Unused Serialized files (Serialized files now loaded: 0)
Unloading 25 unused Assets / (214.3 KB). Loaded Objects now: 4469.
Memory consumption went from 146.0 MB to 145.8 MB.
Total: 6.743900 ms (FindLiveObjects: 0.519200 ms CreateObjectMapping: 0.535700 ms MarkObjects: 5.184900 ms  DeleteObjects: 0.502600 ms)

Prepare: number of updated asset objects reloaded= 0
AssetImportParameters requested are different than current active one (requested -> active):
  custom:scripting/monoscript/fileName/GameSceneManager.cs: e272c72bbb425669dce3dadb62a3408f -> 650e6902ee3ea87b0f8b58360e93585c
  custom:container-demuxer-ogg: 62fdf1f143b41e24485cea50d1cbac27 -> 
  custom:video-codec-MediaFoundation-h265: 746d11721c4dcdbdad8f713fa42b33f4 -> 
  custom:scripting/monoscript/fileName/AudioManager.cs: ba444bf72fba67a1db6033862d594534 -> 3494d6fd71b11a153e2eaf60a7170fe5
  custom:video-decoder-ogg-theora: a1e56fd34408186e4bbccfd4996cb3dc -> 
  custom:framework-win-MediaFoundation: 216162199b28c13a410421893ffa2e32 -> 
  custom:scripting/monoscript/fileName/KeyboardButtonUI.cs: 83eddbf8e4e287615fdc739234e622ec -> 5349c0ce6e306cbd1acbdc87b574ef71
  custom:CustomObjectIndexerAttribute: 9a22284fe3817be447336de3de66b15e -> 
  custom:scripting/monoscript/fileName/ModeSelectSceneManager.cs: 918d07dda8298674b2a3b2920958699b -> c1dc890f1573bafcecbe96036b57822a
  custom:container-demuxer-webm: 4f35f7cbe854078d1ac9338744f61a02 -> 
  custom:container-muxer-webm: aa71ff27fc2769a1b78a27578f13a17b -> 
  custom:video-decoder-webm-vp8: 9c59270c3fd7afecdb556c50c9e8de78 -> 
  custom:SearchIndexIgnoredProperties: e643bd26f0fe6173181afceb89e7c659 -> 
  custom:AudioImporter_EditorPlatform: d09bf68614088b80899f8185d706f6e7 -> 
  custom:video-encoder-webm-vp8: eb34c28f22e8b96e1ab97ce403110664 -> 
  custom:audio-decoder-ogg-vorbis: bf7c407c2cedff20999df2af8eb42d56 -> 
  custom:audio-encoder-webm-vorbis: bf7c407c2cedff20999df2af8eb42d56 -> 
  custom:scripting/monoscript/fileName/SceneLoader.cs: dd33c0e435b3bd1e7dde40b0ccfa30e3 -> d49324ed5c6042541c95e014a0534996
========================================================================
Received Import Request.
  Time since last request: 35692.970519 seconds.
  path: Assets/PianoSources/20.mp3
  artifactKey: Guid(aad0c69cc05666742a590ae8df05916d) Importer(815301076,1909f56bfc062723c751e8b465ee728b)
Start importing Assets/PianoSources/20.mp3 using Guid(aad0c69cc05666742a590ae8df05916d) Importer(815301076,1909f56bfc062723c751e8b465ee728b) [PhysX] Initialized MultithreadedTaskDispatcher with 18 workers.
[PhysX] Initialized MultithreadedTaskDispatcher with 18 workers.
 -> (artifact id: 'edb1a9a5623e0796e2dc0d478e587028') in 0.302217 seconds
Number of updated asset objects reloaded before import = 0
Number of asset objects unloaded after import = 2
========================================================================
Received Import Request.
  Time since last request: 0.000049 seconds.
  path: Assets/PianoSources/84.mp3
  artifactKey: Guid(36f09ff8d69e00147b1fc1570fe16ed9) Importer(815301076,1909f56bfc062723c751e8b465ee728b)
Start importing Assets/PianoSources/84.mp3 using Guid(36f09ff8d69e00147b1fc1570fe16ed9) Importer(815301076,1909f56bfc062723c751e8b465ee728b) [PhysX] Initialized MultithreadedTaskDispatcher with 18 workers.
[PhysX] Initialized MultithreadedTaskDispatcher with 18 workers.
 -> (artifact id: '3f1594ab83c68f20196c428ee32af299') in 0.064331 seconds
Number of updated asset objects reloaded before import = 0
Number of asset objects unloaded after import = 2
========================================================================
Received Import Request.
  Time since last request: 0.000033 seconds.
  path: Assets/PianoSources/54.mp3
  artifactKey: Guid(539732564ec9b4e48946960316d1feff) Importer(815301076,1909f56bfc062723c751e8b465ee728b)
Start importing Assets/PianoSources/54.mp3 using Guid(539732564ec9b4e48946960316d1feff) Importer(815301076,1909f56bfc062723c751e8b465ee728b) [PhysX] Initialized MultithreadedTaskDispatcher with 18 workers.
[PhysX] Initialized MultithreadedTaskDispatcher with 18 workers.
 -> (artifact id: '18d816d65a06ee3d524b29a43b017314') in 0.051966 seconds
Number of updated asset objects reloaded before import = 0
Number of asset objects unloaded after import = 2
========================================================================
Received Import Request.
  Time since last request: 0.000136 seconds.
  path: Assets/PianoSources/40.mp3
  artifactKey: Guid(6dd9afe80ed5fab43a0b2b9c2b2212fb) Importer(815301076,1909f56bfc062723c751e8b465ee728b)
Start importing Assets/PianoSources/40.mp3 using Guid(6dd9afe80ed5fab43a0b2b9c2b2212fb) Importer(815301076,1909f56bfc062723c751e8b465ee728b) [PhysX] Initialized MultithreadedTaskDispatcher with 18 workers.
[PhysX] Initialized MultithreadedTaskDispatcher with 18 workers.
 -> (artifact id: '4f1055a48363defab3a4b3663f09bb84') in 0.034444 seconds
Number of updated asset objects reloaded before import = 0
Number of asset objects unloaded after import = 2
========================================================================
Received Import Request.
  Time since last request: 0.000045 seconds.
  path: Assets/PianoSources/09.mp3
  artifactKey: Guid(cf3baf51cb1c2e04c8ed3ebe80322f6a) Importer(815301076,1909f56bfc062723c751e8b465ee728b)
Start importing Assets/PianoSources/09.mp3 using Guid(cf3baf51cb1c2e04c8ed3ebe80322f6a) Importer(815301076,1909f56bfc062723c751e8b465ee728b) [PhysX] Initialized MultithreadedTaskDispatcher with 18 workers.
[PhysX] Initialized MultithreadedTaskDispatcher with 18 workers.
 -> (artifact id: '51ff0c004a83cc9b1cb465754e6c0bb3') in 0.063057 seconds
Number of updated asset objects reloaded before import = 0
Number of asset objects unloaded after import = 2
========================================================================
Received Import Request.
  Time since last request: 0.000033 seconds.
  path: Assets/PianoSources/50.mp3
  artifactKey: Guid(ac7b3689bf11c0447827b7a7d3b8f078) Importer(815301076,1909f56bfc062723c751e8b465ee728b)
Start importing Assets/PianoSources/50.mp3 using Guid(ac7b3689bf11c0447827b7a7d3b8f078) Importer(815301076,1909f56bfc062723c751e8b465ee728b) [PhysX] Initialized MultithreadedTaskDispatcher with 18 workers.
[PhysX] Initialized MultithreadedTaskDispatcher with 18 workers.
 -> (artifact id: '2a6dbee200f04d84f628fa0898ddfe17') in 0.059286 seconds
Number of updated asset objects reloaded before import = 0
Number of asset objects unloaded after import = 2
========================================================================
Received Import Request.
  Time since last request: 0.000367 seconds.
  path: Assets/PianoSources/11.mp3
  artifactKey: Guid(0c46d02fc7a5d2649ba4247c97b25d45) Importer(815301076,1909f56bfc062723c751e8b465ee728b)
Start importing Assets/PianoSources/11.mp3 using Guid(0c46d02fc7a5d2649ba4247c97b25d45) Importer(815301076,1909f56bfc062723c751e8b465ee728b) [PhysX] Initialized MultithreadedTaskDispatcher with 18 workers.
[PhysX] Initialized MultithreadedTaskDispatcher with 18 workers.
 -> (artifact id: '3925d7a78378a0abd6d78af385ddb57b') in 0.027091 seconds
Number of updated asset objects reloaded before import = 0
Number of asset objects unloaded after import = 2
========================================================================
Received Import Request.
  Time since last request: 0.000745 seconds.
  path: Assets/PianoSources/18.mp3
  artifactKey: Guid(c54bd34f98c6cdb43a236c5c382d55ab) Importer(815301076,1909f56bfc062723c751e8b465ee728b)
Start importing Assets/PianoSources/18.mp3 using Guid(c54bd34f98c6cdb43a236c5c382d55ab) Importer(815301076,1909f56bfc062723c751e8b465ee728b) [PhysX] Initialized MultithreadedTaskDispatcher with 18 workers.
[PhysX] Initialized MultithreadedTaskDispatcher with 18 workers.
 -> (artifact id: '2495618bf2b0cd417765827bdb02e3be') in 0.115986 seconds
Number of updated asset objects reloaded before import = 0
Number of asset objects unloaded after import = 2
========================================================================
Received Import Request.
  Time since last request: 0.000081 seconds.
  path: Assets/PianoSources/37.mp3
  artifactKey: Guid(7fdb35226912b944bbe36dcbcf8a6c8d) Importer(815301076,1909f56bfc062723c751e8b465ee728b)
Start importing Assets/PianoSources/37.mp3 using Guid(7fdb35226912b944bbe36dcbcf8a6c8d) Importer(815301076,1909f56bfc062723c751e8b465ee728b) [PhysX] Initialized MultithreadedTaskDispatcher with 18 workers.
[PhysX] Initialized MultithreadedTaskDispatcher with 18 workers.
 -> (artifact id: '32fa75da3037461345a52c76abb26da7') in 0.076520 seconds
Number of updated asset objects reloaded before import = 0
Number of asset objects unloaded after import = 2
========================================================================
Received Import Request.
  Time since last request: 0.004865 seconds.
  path: Assets/PianoSources/71.mp3
  artifactKey: Guid(4385df7492023b8438c1d9aaea5d397f) Importer(815301076,1909f56bfc062723c751e8b465ee728b)
Start importing Assets/PianoSources/71.mp3 using Guid(4385df7492023b8438c1d9aaea5d397f) Importer(815301076,1909f56bfc062723c751e8b465ee728b) [PhysX] Initialized MultithreadedTaskDispatcher with 18 workers.
[PhysX] Initialized MultithreadedTaskDispatcher with 18 workers.
 -> (artifact id: '5f491c662aae29d4c428a2ff4c638cbe') in 1.247983 seconds
Number of updated asset objects reloaded before import = 0
Number of asset objects unloaded after import = 2
========================================================================
Received Import Request.
  Time since last request: 0.017413 seconds.
  path: Assets/PianoSources/14.mp3
  artifactKey: Guid(a854c86e094da6845865abe83ab27e3c) Importer(815301076,1909f56bfc062723c751e8b465ee728b)
Start importing Assets/PianoSources/14.mp3 using Guid(a854c86e094da6845865abe83ab27e3c) Importer(815301076,1909f56bfc062723c751e8b465ee728b) [PhysX] Initialized MultithreadedTaskDispatcher with 18 workers.
[PhysX] Initialized MultithreadedTaskDispatcher with 18 workers.
 -> (artifact id: '1040174e0fdd68a593b0d47342ac6e6d') in 0.238021 seconds
Number of updated asset objects reloaded before import = 0
Number of asset objects unloaded after import = 2
========================================================================
Received Import Request.
  Time since last request: 0.012620 seconds.
  path: Assets/PianoSources/06.mp3
  artifactKey: Guid(62ce43b029c6a644e9e7977dcfb203a0) Importer(815301076,1909f56bfc062723c751e8b465ee728b)
Start importing Assets/PianoSources/06.mp3 using Guid(62ce43b029c6a644e9e7977dcfb203a0) Importer(815301076,1909f56bfc062723c751e8b465ee728b) [PhysX] Initialized MultithreadedTaskDispatcher with 18 workers.
[PhysX] Initialized MultithreadedTaskDispatcher with 18 workers.
 -> (artifact id: '4b229263e908fe6b94f14644823b717b') in 0.285373 seconds
Number of updated asset objects reloaded before import = 0
Number of asset objects unloaded after import = 2
========================================================================
Received Import Request.
  Time since last request: 0.048075 seconds.
  path: Assets/PianoSources/22.mp3
  artifactKey: Guid(f8fd61acef188134493e1b5dce3e9e62) Importer(815301076,1909f56bfc062723c751e8b465ee728b)
Start importing Assets/PianoSources/22.mp3 using Guid(f8fd61acef188134493e1b5dce3e9e62) Importer(815301076,1909f56bfc062723c751e8b465ee728b) [PhysX] Initialized MultithreadedTaskDispatcher with 18 workers.
[PhysX] Initialized MultithreadedTaskDispatcher with 18 workers.
 -> (artifact id: '896273a48d6e38807bbd91fc1b72e8f3') in 0.640849 seconds
Number of updated asset objects reloaded before import = 0
Number of asset objects unloaded after import = 2
========================================================================
Received Import Request.
  Time since last request: 0.000038 seconds.
  path: Assets/PianoSources/79.mp3
  artifactKey: Guid(5b7b26d42b643f34d8142c84b6e309dc) Importer(815301076,1909f56bfc062723c751e8b465ee728b)
Start importing Assets/PianoSources/79.mp3 using Guid(5b7b26d42b643f34d8142c84b6e309dc) Importer(815301076,1909f56bfc062723c751e8b465ee728b) [PhysX] Initialized MultithreadedTaskDispatcher with 18 workers.
[PhysX] Initialized MultithreadedTaskDispatcher with 18 workers.
 -> (artifact id: '4c045bce8cb89dd7d51e358cd5a73f6e') in 0.056482 seconds
Number of updated asset objects reloaded before import = 0
Number of asset objects unloaded after import = 2
========================================================================
Received Import Request.
  Time since last request: 0.000035 seconds.
  path: Assets/PianoSources/33.mp3
  artifactKey: Guid(85f0a7aa647e57d4db0c51f159390df9) Importer(815301076,1909f56bfc062723c751e8b465ee728b)
Start importing Assets/PianoSources/33.mp3 using Guid(85f0a7aa647e57d4db0c51f159390df9) Importer(815301076,1909f56bfc062723c751e8b465ee728b) [PhysX] Initialized MultithreadedTaskDispatcher with 18 workers.
[PhysX] Initialized MultithreadedTaskDispatcher with 18 workers.
 -> (artifact id: '11b97ff041cfd28c38f8f6c8a9ba82d4') in 0.036400 seconds
Number of updated asset objects reloaded before import = 0
Number of asset objects unloaded after import = 2
========================================================================
Received Import Request.
  Time since last request: 0.000119 seconds.
  path: Assets/PianoSources/68.mp3
  artifactKey: Guid(c500748002c4498408930e6e15cce8df) Importer(815301076,1909f56bfc062723c751e8b465ee728b)
Start importing Assets/PianoSources/68.mp3 using Guid(c500748002c4498408930e6e15cce8df) Importer(815301076,1909f56bfc062723c751e8b465ee728b) [PhysX] Initialized MultithreadedTaskDispatcher with 18 workers.
[PhysX] Initialized MultithreadedTaskDispatcher with 18 workers.
 -> (artifact id: 'cbcdb28471ce4f986da5a6120aebf3d9') in 0.028070 seconds
Number of updated asset objects reloaded before import = 0
Number of asset objects unloaded after import = 2
========================================================================
Received Import Request.
  Time since last request: 0.000036 seconds.
  path: Assets/PianoSources/25.mp3
  artifactKey: Guid(878934d18c4cf7745bc3f78045347fb1) Importer(815301076,1909f56bfc062723c751e8b465ee728b)
Start importing Assets/PianoSources/25.mp3 using Guid(878934d18c4cf7745bc3f78045347fb1) Importer(815301076,1909f56bfc062723c751e8b465ee728b) [PhysX] Initialized MultithreadedTaskDispatcher with 18 workers.
[PhysX] Initialized MultithreadedTaskDispatcher with 18 workers.
 -> (artifact id: '480686cdb195fbadc19808d81d0d4880') in 0.036092 seconds
Number of updated asset objects reloaded before import = 0
Number of asset objects unloaded after import = 2
========================================================================
Received Import Request.
  Time since last request: 0.000032 seconds.
  path: Assets/PianoSources/29.mp3
  artifactKey: Guid(523a5514b90b4444886d5c7b08e8838b) Importer(815301076,1909f56bfc062723c751e8b465ee728b)
Start importing Assets/PianoSources/29.mp3 using Guid(523a5514b90b4444886d5c7b08e8838b) Importer(815301076,1909f56bfc062723c751e8b465ee728b) [PhysX] Initialized MultithreadedTaskDispatcher with 18 workers.
[PhysX] Initialized MultithreadedTaskDispatcher with 18 workers.
 -> (artifact id: 'befd1fe7e8dae764a5e1f0832d2fae22') in 0.025124 seconds
Number of updated asset objects reloaded before import = 0
Number of asset objects unloaded after import = 2
========================================================================
Received Import Request.
  Time since last request: 0.000025 seconds.
  path: Assets/PianoSources/28.mp3
  artifactKey: Guid(b15c777d3d4c09049bc25e9eeee14d1a) Importer(815301076,1909f56bfc062723c751e8b465ee728b)
Start importing Assets/PianoSources/28.mp3 using Guid(b15c777d3d4c09049bc25e9eeee14d1a) Importer(815301076,1909f56bfc062723c751e8b465ee728b) [PhysX] Initialized MultithreadedTaskDispatcher with 18 workers.
[PhysX] Initialized MultithreadedTaskDispatcher with 18 workers.
 -> (artifact id: '0c7a6ed79c985353bfc43ca3584453fb') in 0.040508 seconds
Number of updated asset objects reloaded before import = 0
Number of asset objects unloaded after import = 2
========================================================================
Received Import Request.
  Time since last request: 0.000039 seconds.
  path: Assets/PianoSources/57.mp3
  artifactKey: Guid(d6546b08b020e184daab143de5e16701) Importer(815301076,1909f56bfc062723c751e8b465ee728b)
Start importing Assets/PianoSources/57.mp3 using Guid(d6546b08b020e184daab143de5e16701) Importer(815301076,1909f56bfc062723c751e8b465ee728b) [PhysX] Initialized MultithreadedTaskDispatcher with 18 workers.
[PhysX] Initialized MultithreadedTaskDispatcher with 18 workers.
 -> (artifact id: 'a88c07c89cdb9dce76f501a1260ae30d') in 0.053960 seconds
Number of updated asset objects reloaded before import = 0
Number of asset objects unloaded after import = 2
========================================================================
Received Import Request.
  Time since last request: 0.000367 seconds.
  path: Assets/PianoSources/52.mp3
  artifactKey: Guid(3bbaf63891e13f64fbd0a9fc50230474) Importer(815301076,1909f56bfc062723c751e8b465ee728b)
Start importing Assets/PianoSources/52.mp3 using Guid(3bbaf63891e13f64fbd0a9fc50230474) Importer(815301076,1909f56bfc062723c751e8b465ee728b) [PhysX] Initialized MultithreadedTaskDispatcher with 18 workers.
[PhysX] Initialized MultithreadedTaskDispatcher with 18 workers.
 -> (artifact id: '3248ab7789b506c6c318b4a8f4d91737') in 0.049898 seconds
Number of updated asset objects reloaded before import = 0
Number of asset objects unloaded after import = 2
========================================================================
Received Import Request.
  Time since last request: 0.000028 seconds.
  path: Assets/PianoSources/32.mp3
  artifactKey: Guid(8cc9572f5eef04146880ea94dd39a74d) Importer(815301076,1909f56bfc062723c751e8b465ee728b)
Start importing Assets/PianoSources/32.mp3 using Guid(8cc9572f5eef04146880ea94dd39a74d) Importer(815301076,1909f56bfc062723c751e8b465ee728b) [PhysX] Initialized MultithreadedTaskDispatcher with 18 workers.
[PhysX] Initialized MultithreadedTaskDispatcher with 18 workers.
 -> (artifact id: 'd52c3e3099123819f12068ca12928ce9') in 0.046153 seconds
Number of updated asset objects reloaded before import = 0
Number of asset objects unloaded after import = 2
========================================================================
Received Import Request.
  Time since last request: 0.000028 seconds.
  path: Assets/PianoSources/38.mp3
  artifactKey: Guid(c701d60984e03f249bc0fc34055807fa) Importer(815301076,1909f56bfc062723c751e8b465ee728b)
Start importing Assets/PianoSources/38.mp3 using Guid(c701d60984e03f249bc0fc34055807fa) Importer(815301076,1909f56bfc062723c751e8b465ee728b) [PhysX] Initialized MultithreadedTaskDispatcher with 18 workers.
[PhysX] Initialized MultithreadedTaskDispatcher with 18 workers.
 -> (artifact id: 'da842e735a52fe6e8ce4bf1a98ea210a') in 0.046885 seconds
Number of updated asset objects reloaded before import = 0
Number of asset objects unloaded after import = 2
